<?xml version="1.0" encoding="UTF-8"?>
<testsuite xmlns:xsi="http://www.w3.org/2001/XMLSchema-instance" xsi:noNamespaceSchemaLocation="https://maven.apache.org/surefire/maven-surefire-plugin/xsd/surefire-test-report.xsd" name="PetStoreTest" time="20.753" tests="10" errors="0" skipped="0" failures="0">
  <properties>
[...]
</properties>
  <testcase name="userCanLoginIntoSystem200" classname="PetStoreTest" time="5.523"/>
  <testcase name="userCanBeCreated200" classname="PetStoreTest" time="2.173"/>
  <testcase name="creatingNewOrderWithEmptyBody400" classname="PetStoreTest" time="0.724"/>
  <testcase name="petNameCanBeUpdated200" classname="PetStoreTest" time="2.913"/>
  <testcase name="newOrderCanBeCreated200" classname="PetStoreTest" time="2.15"/>
  <testcase name="petCanBeCreated200" classname="PetStoreTest" time="2.163"/>
  <testcase name="creatingPetWithEmptyBody405" classname="PetStoreTest" time="0.755"/>
  <testcase name="findPetWithIncorrectIDTest404" classname="PetStoreTest" time="0.714"/>
  <testcase name="userCanBeUpdated200" classname="PetStoreTest" time="2.921"/>
  <testcase name="findOrderWithIncorrectIDTest404" classname="PetStoreTest" time="0.716"/>
</testsuite>