<?xml version="1.0" encoding="UTF-8"?>
<testsuite xmlns:xsi="http://www.w3.org/2001/XMLSchema-instance" xsi:noNamespaceSchemaLocation="https://maven.apache.org/surefire/maven-surefire-plugin/xsd/surefire-test-report.xsd" name="HatorTest" time="33.842" tests="15" errors="0" skipped="0" failures="0">
  <properties>
[...]
</properties>
  <testcase name="userCanOpenKeyboardsCategoryWithENLanguage" classname="HatorTest" time="7.842"/>
  <testcase name="userCanOpenAccessoriesCategoryWithDELanguage" classname="HatorTest" time="2.415"/>
  <testcase name="chooseUALanguage" classname="HatorTest" time="2.454"/>
  <testcase name="chooseDELanguage" classname="HatorTest" time="2.109"/>
  <testcase name="userCanOpenChairsCategoryWithPLLanguage" classname="HatorTest" time="2.277"/>
  <testcase name="chooseENLanguage" classname="HatorTest" time="1.236"/>
  <testcase name="userCanOpenMiceCategoryWithUALanguage" classname="HatorTest" time="2.149"/>
  <testcase name="userCanOpenHeadsetsCategoryWithENLanguage" classname="HatorTest" time="1.289"/>
  <testcase name="chooseUAHCurrencyTest" classname="HatorTest" time="0.703"/>
  <testcase name="userCanDeleteItemFromCart" classname="HatorTest" time="3.139"/>
  <testcase name="choosePLLanguage" classname="HatorTest" time="2.068"/>
  <testcase name="chooseUSDCurrencyTest" classname="HatorTest" time="1.611"/>
  <testcase name="userCanOpenSurfaceCategoryWithUALanguage" classname="HatorTest" time="1.997"/>
  <testcase name="userCanAddItemInCart" classname="HatorTest" time="1.168"/>
  <testcase name="chooseEURCurrencyTest" classname="HatorTest" time="1.295"/>
</testsuite>